[04:54:08] [ServerMain/INFO]: [bootstrap] Running Java 21 (OpenJDK 64-Bit Server VM 21.0.5+11-Ubuntu-1ubuntu120.04; Ubuntu null) on Linux 6.5.0-1025-azure (amd64)
[04:54:08] [ServerMain/INFO]: [bootstrap] Loading Paper 1.21.3-63-master@4190ee7 (2024-11-25T18:59:19Z) for Minecraft 1.21.3
[04:54:08] [ServerMain/INFO]: [PluginInitializerManager] Initializing plugins...
[04:54:08] [ServerMain/INFO]: [PluginInitializerManager] Initialized 0 plugins
[04:54:09] [Paper Plugin Remapper Thread - 0/INFO]: [ReobfServer] Remapping server...
[04:54:14] [ServerMain/INFO]: Environment: Environment[sessionHost=https://sessionserver.mojang.com, servicesHost=https://api.minecraftservices.com, name=PROD]
[04:54:15] [ServerMain/INFO]: Found new data pack file/bukkit, loading it automatically
[04:54:15] [ServerMain/INFO]: Found new data pack paper, loading it automatically
[04:54:16] [ServerMain/INFO]: No existing world data, creating new world
[04:54:18] [ServerMain/INFO]: Loaded 1337 recipes
[04:54:18] [ServerMain/INFO]: Loaded 1448 advancements
[04:54:18] [Paper Plugin Remapper Thread - 0/INFO]: [ReobfServer] Done remapping server in 8613ms.
[04:54:18] [Server thread/INFO]: Starting minecraft server version 1.21.3
[04:54:18] [Server thread/INFO]: Loading properties
[04:54:18] [Server thread/INFO]: This server is running Paper version 1.21.3-63-master@4190ee7 (2024-11-25T18:59:19Z) (Implementing API version 1.21.3-R0.1-SNAPSHOT)
[04:54:19] [Server thread/INFO]: [spark] This server bundles the spark profiler. For more information please visit https://docs.papermc.io/paper/profiling
[04:54:19] [Server thread/INFO]: Server Ping Player Sample Count: 12
[04:54:19] [Server thread/INFO]: Using 4 threads for Netty based IO
[04:54:19] [Server thread/INFO]: [MoonriseCommon] Paper is using 1 worker threads, 1 I/O threads
[04:54:19] [Server thread/INFO]: [ChunkTaskScheduler] Chunk system is using population gen parallelism: true
[04:54:20] [Server thread/INFO]: Default game type: SURVIVAL
[04:54:20] [Server thread/INFO]: Generating keypair
[04:54:20] [Server thread/INFO]: Starting Minecraft server on *:25565
[04:54:20] [Server thread/INFO]: Using epoll channel type
[04:54:20] [Server thread/INFO]: Paper: Using libdeflate (Linux x86_64) compression from Velocity.
[04:54:20] [Server thread/INFO]: Paper: Using OpenSSL 1.1.x (Linux x86_64) cipher from Velocity.
[04:54:20] [Server thread/WARN]: **** SERVER IS RUNNING IN OFFLINE/INSECURE MODE!
[04:54:20] [Server thread/WARN]: The server will make no attempt to authenticate usernames. Beware.
[04:54:20] [Server thread/WARN]: While this makes the game possible to play without internet access, it also opens up the ability for hackers to connect with any username they choose.
[04:54:20] [Server thread/WARN]: To change this, set "online-mode" to "true" in the server.properties file.
[04:54:20] [Server thread/INFO]: Preparing level "world"
[04:54:26] [Paper Common Worker #0/INFO]: [MCTypeRegistry] Initialising converters for DataConverter...
[04:54:26] [Paper Common Worker #0/INFO]: [MCTypeRegistry] Finished initialising converters for DataConverter in 295.3ms
[04:54:32] [Server thread/INFO]: Preparing start region for dimension minecraft:overworld
[04:54:32] [Server thread/INFO]: Preparing spawn area: 2%
[04:54:32] [Server thread/INFO]: Preparing spawn area: 2%
[04:54:33] [Server thread/INFO]: Preparing spawn area: 2%
[04:54:33] [Server thread/INFO]: Preparing spawn area: 2%
[04:54:34] [Server thread/INFO]: Preparing spawn area: 2%
[04:54:34] [Server thread/INFO]: Preparing spawn area: 2%
[04:54:35] [Server thread/INFO]: Preparing spawn area: 2%
[04:54:35] [Server thread/INFO]: Preparing spawn area: 10%
[04:54:36] [Server thread/INFO]: Preparing spawn area: 12%
[04:54:36] [Server thread/INFO]: Preparing spawn area: 18%
[04:54:37] [Server thread/INFO]: Preparing spawn area: 18%
[04:54:37] [Server thread/INFO]: Preparing spawn area: 30%
[04:54:38] [Server thread/INFO]: Preparing spawn area: 51%
[04:54:38] [Server thread/INFO]: Preparing spawn area: 57%
[04:54:39] [Server thread/INFO]: Preparing spawn area: 63%
[04:54:39] [Server thread/INFO]: Preparing spawn area: 67%
[04:54:39] [Server thread/INFO]: Time elapsed: 7716 ms
[04:54:39] [Server thread/INFO]: Preparing start region for dimension minecraft:the_nether
[04:54:39] [Server thread/INFO]: Preparing spawn area: 6%
[04:54:40] [Server thread/INFO]: Preparing spawn area: 30%
[04:54:40] [Server thread/INFO]: Preparing spawn area: 63%
[04:54:41] [Server thread/INFO]: Time elapsed: 1196 ms
[04:54:41] [Server thread/INFO]: Preparing start region for dimension minecraft:the_end
[04:54:41] [Server thread/INFO]: Preparing spawn area: 2%
[04:54:41] [Server thread/INFO]: Time elapsed: 448 ms
[04:54:41] [Server thread/INFO]: [spark] Starting background profiler...
[04:54:41] [Server thread/INFO]: Done preparing level "world" (21.400s)
[04:54:41] [Server thread/INFO]: Running delayed init tasks
[04:54:41] [Server thread/INFO]: Done (34.597s)! For help, type "help"
[04:54:41] [Server thread/INFO]: *************************************************************************************
[04:54:41] [Server thread/INFO]: This is the first time you're starting this server.
[04:54:41] [Server thread/INFO]: It's recommended you read our 'Getting Started' documentation for guidance.
[04:54:41] [Server thread/INFO]: View this and more helpful information here: https://docs.papermc.io/paper/next-steps
[04:54:41] [Server thread/INFO]: *************************************************************************************
[05:00:34] [User Authenticator #0/INFO]: UUID of player elecx04 is 68a42162-88f3-31df-b7f9-8c5edfa112a8
[05:00:34] [Server thread/INFO]: elecx04 joined the game
[05:00:34] [Server thread/INFO]: elecx04[/100.86.208.117:65119] logged in with entity id 57 at ([world]-4.5, 75.0, -0.5)
